#
# A fatal error has been detected by the Java Runtime Environment:
#
#  EXCEPTION_ACCESS_VIOLATION (0xc0000005) at pc=0x0000000065f06a0f, pid=12968, tid=0x0000000000003c58
#
# JRE version: Java(TM) SE Runtime Environment (8.0_112-b15) (build 1.8.0_112-b15)
# Java VM: Java HotSpot(TM) 64-Bit Server VM (25.112-b15 mixed mode windows-amd64 compressed oops)
# Problematic frame:
# V  [jvm.dll+0x1e6a0f]
#
# Failed to write core dump. Minidumps are not enabled by default on client versions of Windows
#
# If you would like to submit a bug report, please visit:
#   http://bugreport.java.com/bugreport/crash.jsp
#

---------------  T H R E A D  ---------------

Current thread (0x00000000037a5800):  JavaThread "main" [_thread_in_vm, id=15448, stack(0x00000000036a0000,0x00000000037a0000)]

siginfo: ExceptionCode=0xc0000005, reading address 0x000000000000000c

Registers:
RAX=0x00000000037a5800, RBX=0x00000000037a5800, RCX=0x0000000000000007, RDX=0x000000000379f198
RSP=0x000000000379f0c0, RBP=0x000000000379f168, RSI=0x0000000000200021, RDI=0x000000000000000c
R8 =0x000000000000000c, R9 =0x0000000003597550, R10=0x00000000038b7f48, R11=0x0000000065f4b530
R12=0x0000000000000000, R13=0x0000000019ffdba0, R14=0x000000000379f198, R15=0x00000000037a5800
RIP=0x0000000065f06a0f, EFLAGS=0x0000000000010246

Top of Stack: (sp=0x000000000379f0c0)
0x000000000379f0c0:   00000000037a5000 00000000037a5800
0x000000000379f0d0:   0000000019ffdba0 0000000000200021
0x000000000379f0e0:   00000000ffffffff 00000000038b7f74
0x000000000379f0f0:   0000000019ffdba0 000000000379f168
0x000000000379f100:   0000000000200021 0000000019ffdba0
0x000000000379f110:   0000000000200021 00000000037a5800
0x000000000379f120:   00000000038b7ca2 000000000379f128
0x000000000379f130:   0000000019ffdba0 000000000379f198
0x000000000379f140:   000000001a02b1e8 0000000000000000
0x000000000379f150:   0000000019ffdba0 0000000000000000
0x000000000379f160:   000000000379f188 000000000379f1e0
0x000000000379f170:   00000000038a7da0 0000000000000000
0x000000000379f180:   00000000038b19d6 000000000000000c
0x000000000379f190:   00000000038c30bf 0000000780988970
0x000000000379f1a0:   000000000379f1a0 000000001a380788
0x000000000379f1b0:   000000000379f200 000000001a380838 

Instructions: (pc=0x0000000065f06a0f)
0x0000000065f069ef:   bb 05 00 c7 83 70 02 00 00 06 00 00 00 8b 0d 26
0x0000000065f069ff:   9e 5c 00 ff 15 e8 49 3f 00 c6 80 94 02 00 00 01
0x0000000065f06a0f:   8b 2f c6 80 94 02 00 00 00 48 8b 7b 48 48 8b 47
0x0000000065f06a1f:   10 48 8b 77 08 48 83 38 00 74 15 48 8b 57 28 48 


Register to memory mapping:

RAX=0x00000000037a5800 is a thread
RBX=0x00000000037a5800 is a thread
RCX=0x0000000000000007 is an unknown value
RDX=0x000000000379f198 is pointing into the stack for thread: 0x00000000037a5800
RSP=0x000000000379f0c0 is pointing into the stack for thread: 0x00000000037a5800
RBP=0x000000000379f168 is pointing into the stack for thread: 0x00000000037a5800
RSI=0x0000000000200021 is an unknown value
RDI=0x000000000000000c is an unknown value
R8 =0x000000000000000c is an unknown value
R9 =0x0000000003597550 is an unknown value
R10=0x00000000038b7f48 is at code_begin+840 in an Interpreter codelet
method entry point (kind = native)  [0x00000000038b7c00, 0x00000000038b8560]  2400 bytes
R11=0x0000000065f4b530 is an unknown value
R12=0x0000000000000000 is an unknown value
R13={method} {0x0000000019ffdba8} 'getInt' '(J)I' in 'sun/misc/Unsafe'
R14=0x000000000379f198 is pointing into the stack for thread: 0x00000000037a5800
R15=0x00000000037a5800 is a thread


Stack: [0x00000000036a0000,0x00000000037a0000],  sp=0x000000000379f0c0,  free space=1020k
Native frames: (J=compiled Java code, j=interpreted, Vv=VM code, C=native code)
V  [jvm.dll+0x1e6a0f]
C  0x00000000038b7f74

Java frames: (J=compiled Java code, j=interpreted, Vv=VM code)
j  sun.misc.Unsafe.getInt(J)I+0
j  com.test.learn.jdk.UnSafeTest.main([Ljava/lang/String;)V+16
v  ~StubRoutines::call_stub

---------------  P R O C E S S  ---------------

Java Threads: ( => current thread )
  0x000000001bd20800 JavaThread "Service Thread" daemon [_thread_blocked, id=5988, stack(0x000000001c580000,0x000000001c680000)]
  0x000000001a956000 JavaThread "C1 CompilerThread2" daemon [_thread_blocked, id=12344, stack(0x000000001c480000,0x000000001c580000)]
  0x000000001a949800 JavaThread "C2 CompilerThread1" daemon [_thread_blocked, id=17864, stack(0x000000001c380000,0x000000001c480000)]
  0x000000001bcc3800 JavaThread "C2 CompilerThread0" daemon [_thread_blocked, id=17376, stack(0x000000001c280000,0x000000001c380000)]
  0x000000001a947000 JavaThread "Attach Listener" daemon [_thread_blocked, id=2252, stack(0x000000001c180000,0x000000001c280000)]
  0x000000001a933000 JavaThread "Signal Dispatcher" daemon [_thread_blocked, id=4200, stack(0x000000001c080000,0x000000001c180000)]
  0x000000000389e000 JavaThread "Finalizer" daemon [_thread_blocked, id=13864, stack(0x000000001bb80000,0x000000001bc80000)]
  0x0000000003895000 JavaThread "Reference Handler" daemon [_thread_blocked, id=14080, stack(0x000000001ba80000,0x000000001bb80000)]
=>0x00000000037a5800 JavaThread "main" [_thread_in_vm, id=15448, stack(0x00000000036a0000,0x00000000037a0000)]

Other Threads:
  0x000000001a8e7800 VMThread [stack: 0x000000001b980000,0x000000001ba80000] [id=13088]
  0x000000001bd77000 WatcherThread [stack: 0x000000001c680000,0x000000001c780000] [id=12936]

VM state:not at safepoint (normal execution)

VM Mutex/Monitor currently owned by a thread: None

Heap:
 PSYoungGen      total 57344K, used 2949K [0x0000000780980000, 0x0000000784980000, 0x00000007c0000000)
  eden space 49152K, 6% used [0x0000000780980000,0x0000000780c615c8,0x0000000783980000)
  from space 8192K, 0% used [0x0000000784180000,0x0000000784180000,0x0000000784980000)
  to   space 8192K, 0% used [0x0000000783980000,0x0000000783980000,0x0000000784180000)
 ParOldGen       total 131072K, used 0K [0x0000000701c00000, 0x0000000709c00000, 0x0000000780980000)
  object space 131072K, 0% used [0x0000000701c00000,0x0000000701c00000,0x0000000709c00000)
 Metaspace       used 2703K, capacity 4486K, committed 4864K, reserved 1056768K
  class space    used 294K, capacity 386K, committed 512K, reserved 1048576K

Card table byte_map: [0x0000000012c60000,0x0000000013260000] byte_map_base: 0x000000000f452000

Marking Bits: (ParMarkBitMap*) 0x000000006653a6d0
 Begin Bits: [0x0000000013a60000, 0x00000000169f0000)
 End Bits:   [0x00000000169f0000, 0x0000000019980000)

Polling page: 0x0000000000ff0000

CodeCache: size=245760Kb used=1134Kb max_used=1134Kb free=244625Kb
 bounds [0x00000000038a0000, 0x0000000003b10000, 0x00000000128a0000]
 total_blobs=272 nmethods=37 adapters=148
 compilation: enabled

Compilation events (10 events):
Event: 0.116 Thread 0x000000001a956000   33       3       java.lang.StringBuilder::append (8 bytes)
Event: 0.116 Thread 0x000000001a956000 nmethod 33 0x00000000039b8a50 code [0x00000000039b8bc0, 0x00000000039b8d48]
Event: 0.117 Thread 0x000000001a956000   35       3       java.util.HashMap::putVal (300 bytes)
Event: 0.117 Thread 0x000000001a956000 nmethod 35 0x00000000039b8dd0 code [0x00000000039b9040, 0x00000000039ba338]
Event: 0.117 Thread 0x000000001a956000   36       3       java.lang.String::hashCode (55 bytes)
Event: 0.118 Thread 0x000000001a956000 nmethod 36 0x00000000039baa10 code [0x00000000039bab80, 0x00000000039bae10]
Event: 0.118 Thread 0x000000001a956000   34       3       java.util.HashMap::put (13 bytes)
Event: 0.118 Thread 0x000000001a956000 nmethod 34 0x00000000039baf10 code [0x00000000039bb0a0, 0x00000000039bb458]
Event: 0.118 Thread 0x000000001a956000   37       3       java.util.HashMap$Node::<init> (26 bytes)
Event: 0.118 Thread 0x000000001a956000 nmethod 37 0x00000000039bb590 code [0x00000000039bb6e0, 0x00000000039bb8f0]

GC Heap History (0 events):
No events

Deoptimization events (1 events):
Event: 0.115 Thread 0x00000000037a5800 Uncommon trap: reason=unstable_if action=reinterpret pc=0x00000000039b0f44 method=java.lang.String.hashCode()I @ 14

Internal exceptions (2 events):
Event: 0.026 Thread 0x00000000037a5800 Exception <a 'java/lang/NoSuchMethodError': Method sun.misc.Unsafe.defineClass(Ljava/lang/String;[BII)Ljava/lang/Class; name or signature does not match> (0x0000000780987c78) thrown at [C:\re\workspace\8-2-build-windows-amd64-cygwin\jdk8u112\7884\hotspot\
Event: 0.026 Thread 0x00000000037a5800 Exception <a 'java/lang/NoSuchMethodError': Method sun.misc.Unsafe.prefetchRead(Ljava/lang/Object;J)V name or signature does not match> (0x0000000780987f60) thrown at [C:\re\workspace\8-2-build-windows-amd64-cygwin\jdk8u112\7884\hotspot\src\share\vm\prims

Events (10 events):
Event: 0.117 loading class java/lang/Void
Event: 0.117 loading class java/lang/Void done
Event: 0.117 loading class java/util/concurrent/ConcurrentHashMap$ForwardingNode
Event: 0.117 loading class java/util/concurrent/ConcurrentHashMap$ForwardingNode done
Event: 0.117 loading class sun/reflect/UnsafeFieldAccessorFactory
Event: 0.117 loading class sun/reflect/UnsafeFieldAccessorFactory done
Event: 0.117 loading class sun/reflect/UnsafeQualifiedStaticObjectFieldAccessorImpl
Event: 0.117 loading class sun/reflect/UnsafeQualifiedStaticFieldAccessorImpl
Event: 0.117 loading class sun/reflect/UnsafeQualifiedStaticFieldAccessorImpl done
Event: 0.117 loading class sun/reflect/UnsafeQualifiedStaticObjectFieldAccessorImpl done


Dynamic libraries:
0x00007ff778150000 - 0x00007ff778187000 	D:\Program Files\Java\jdk1.8.0_112\bin\javaw.exe
0x00007ffe45680000 - 0x00007ffe45861000 	C:\Windows\SYSTEM32\ntdll.dll
0x00007ffe43b30000 - 0x00007ffe43be2000 	C:\Windows\System32\KERNEL32.DLL
0x00007ffe41a50000 - 0x00007ffe41cc3000 	C:\Windows\System32\KERNELBASE.dll
0x00007ffe45400000 - 0x00007ffe454a1000 	C:\Windows\System32\ADVAPI32.dll
0x00007ffe454c0000 - 0x00007ffe4555e000 	C:\Windows\System32\msvcrt.dll
0x00007ffe42bf0000 - 0x00007ffe42c4b000 	C:\Windows\System32\sechost.dll
0x00007ffe43bf0000 - 0x00007ffe43d14000 	C:\Windows\System32\RPCRT4.dll
0x00007ffe43750000 - 0x00007ffe438e0000 	C:\Windows\System32\USER32.dll
0x00007ffe42900000 - 0x00007ffe42920000 	C:\Windows\System32\win32u.dll
0x00007ffe43720000 - 0x00007ffe43748000 	C:\Windows\System32\GDI32.dll
0x00007ffe423e0000 - 0x00007ffe42572000 	C:\Windows\System32\gdi32full.dll
0x00007ffe42580000 - 0x00007ffe4261f000 	C:\Windows\System32\msvcp_win.dll
0x00007ffe426f0000 - 0x00007ffe427ea000 	C:\Windows\System32\ucrtbase.dll
0x00007ffe397d0000 - 0x00007ffe39a39000 	C:\Windows\WinSxS\amd64_microsoft.windows.common-controls_6595b64144ccf1df_6.0.17134.48_none_b4b2216a3cb4dd3e\COMCTL32.dll
0x00007ffe42df0000 - 0x00007ffe43113000 	C:\Windows\System32\combase.dll
0x00007ffe42670000 - 0x00007ffe426ea000 	C:\Windows\System32\bcryptPrimitives.dll
0x00007ffe452c0000 - 0x00007ffe452ed000 	C:\Windows\System32\IMM32.DLL
0x00000000665c0000 - 0x0000000066692000 	D:\Program Files\Java\jdk1.8.0_112\jre\bin\msvcr100.dll
0x0000000065d20000 - 0x00000000665ba000 	D:\Program Files\Java\jdk1.8.0_112\jre\bin\server\jvm.dll
0x00007ffe454b0000 - 0x00007ffe454b8000 	C:\Windows\System32\PSAPI.DLL
0x00007ffe36f40000 - 0x00007ffe36f49000 	C:\Windows\SYSTEM32\WSOCK32.dll
0x00007ffe43940000 - 0x00007ffe439ac000 	C:\Windows\System32\WS2_32.dll
0x00007ffe3f9d0000 - 0x00007ffe3f9f3000 	C:\Windows\SYSTEM32\WINMM.dll
0x00007ffe37b30000 - 0x00007ffe37b3a000 	C:\Windows\SYSTEM32\VERSION.dll
0x00007ffe3f9a0000 - 0x00007ffe3f9ca000 	C:\Windows\SYSTEM32\WINMMBASE.dll
0x00007ffe42620000 - 0x00007ffe42669000 	C:\Windows\System32\cfgmgr32.dll
0x0000000065d10000 - 0x0000000065d1f000 	D:\Program Files\Java\jdk1.8.0_112\jre\bin\verify.dll
0x0000000065ce0000 - 0x0000000065d09000 	D:\Program Files\Java\jdk1.8.0_112\jre\bin\java.dll
0x0000000065cc0000 - 0x0000000065cd6000 	D:\Program Files\Java\jdk1.8.0_112\jre\bin\zip.dll
0x00007ffe43d20000 - 0x00007ffe45160000 	C:\Windows\System32\SHELL32.dll
0x00007ffe43570000 - 0x00007ffe43619000 	C:\Windows\System32\shcore.dll
0x00007ffe41cd0000 - 0x00007ffe423dd000 	C:\Windows\System32\windows.storage.dll
0x00007ffe43620000 - 0x00007ffe43671000 	C:\Windows\System32\shlwapi.dll
0x00007ffe41a10000 - 0x00007ffe41a21000 	C:\Windows\System32\kernel.appcore.dll
0x00007ffe419f0000 - 0x00007ffe41a0f000 	C:\Windows\System32\profapi.dll
0x00007ffe41990000 - 0x00007ffe419dc000 	C:\Windows\System32\powrprof.dll
0x00007ffe419e0000 - 0x00007ffe419ea000 	C:\Windows\System32\FLTLIB.DLL
0x00007ffe309e0000 - 0x00007ffe30ba9000 	C:\Windows\SYSTEM32\dbghelp.dll

VM Arguments:
jvm_args: -Dfile.encoding=UTF-8 
java_command: com.test.learn.jdk.UnSafeTest
java_class_path (initial): F:\mywork\spring-demo\target\classes;F:\maven\repo\org\springframework\spring-context\4.0.2.RELEASE\spring-context-4.0.2.RELEASE.jar;F:\maven\repo\org\springframework\spring-aop\4.0.2.RELEASE\spring-aop-4.0.2.RELEASE.jar;F:\maven\repo\aopalliance\aopalliance\1.0\aopalliance-1.0.jar;F:\maven\repo\org\springframework\spring-beans\4.0.2.RELEASE\spring-beans-4.0.2.RELEASE.jar;F:\maven\repo\org\springframework\spring-expression\4.0.2.RELEASE\spring-expression-4.0.2.RELEASE.jar;F:\maven\repo\cglib\cglib\2.2.2\cglib-2.2.2.jar;F:\maven\repo\asm\asm\3.3.1\asm-3.3.1.jar;F:\maven\repo\org\apache\httpcomponents\httpclient\4.5.3\httpclient-4.5.3.jar;F:\maven\repo\org\apache\httpcomponents\httpcore\4.4.6\httpcore-4.4.6.jar;F:\maven\repo\commons-logging\commons-logging\1.1.1\commons-logging-1.1.1.jar;F:\maven\repo\commons-io\commons-io\2.4\commons-io-2.4.jar;F:\maven\repo\commons-codec\commons-codec\1.4\commons-codec-1.4.jar;F:\maven\repo\commons-beanutils\commons-beanutils\1.8.3\commons-beanutils-1.8.3.jar;F:\maven\repo\commons-collections\commons-collections\3.2.1\commons-collections-3.2.1.jar;F:\maven\repo\javax\xml\bind\jaxb-api\2.2.12\jaxb-api-2.2.12.jar;F:\maven\repo\com\sun\xml\bind\jaxb-impl\2.2.11\jaxb-impl-2.2.11.jar;F:\maven\repo\com\sun\xml\bind\jaxb-core\2.2.11\jaxb-core-2.2.11.jar;F:\maven\repo\dom4j\dom4j\1.6.1\dom4j-1.6.1.jar;F:\maven\repo\com\thoughtworks\xstream\xstream\1.2.2\xstream-1.2.2.jar;F:\maven\repo\xpp3\xpp3_min\1.1.3.4.O\xpp3_min-1.1.3.4.O.jar;F:\maven\repo\org\springframework\spring-core\4.1.7.RELEASE\spring-core-4.1.7.RELEASE.jar;F:\maven\repo\org\springframework\spring-context-support\4.1.7.RELEASE\spring-context-support-4.1.7.RELEASE.jar;F:\maven\repo\org\springframework\spring-web\4.1.7.RELEASE\spring-web-4.1.7.RELEASE.jar;F:\maven\repo\org\springframework\spring-test\4.1.7.RELEASE\spring-test-4.1.7.RELEASE.jar;F:\maven\repo\org\springframework\spring-webmvc\4.1.7.RELEASE\spring-webmvc-4.1.7.RELEASE.jar;F:\maven\repo\or
Launcher Type: SUN_STANDARD

Environment Variables:
JAVA_HOME=D:\Program Files\Java\jdk1.8.0_112
CLASSPATH=.;D:\Program Files\Java\jdk1.8.0_112\lib;D:\Program Files\Java\jdk1.8.0_112\lib\tools.jar
PATH=C:\Windows\system32;C:\Windows;C:\Windows\System32\Wbem;C:\Windows\System32\WindowsPowerShell\v1.0\;C:\Windows\System32\OpenSSH\;D:\Program Files\Java\jdk1.8.0_112\bin;D:\Program Files\Java\jdk1.8.0_112\jre\bin;E:\software\apache-maven-3.5.2\bin;C:\Users\home\AppData\Local\Microsoft\WindowsApps;
USERNAME=home
OS=Windows_NT
PROCESSOR_IDENTIFIER=Intel64 Family 6 Model 158 Stepping 9, GenuineIntel



---------------  S Y S T E M  ---------------

OS: Windows 10.0 , 64 bit Build 17134 (10.0.17134.1)

CPU:total 4 (4 cores per cpu, 1 threads per core) family 6 model 158 stepping 9, cmov, cx8, fxsr, mmx, sse, sse2, sse3, ssse3, sse4.1, sse4.2, popcnt, avx, avx2, aes, clmul, erms, rtm, 3dnowpref, lzcnt, tsc, tscinvbit, bmi1, bmi2, adx

Memory: 4k page, physical 12464180k(8059784k free), swap 14364724k(9359220k free)

vm_info: Java HotSpot(TM) 64-Bit Server VM (25.112-b15) for windows-amd64 JRE (1.8.0_112-b15), built on Sep 22 2016 21:31:56 by "java_re" with MS VC++ 10.0 (VS2010)

time: Thu Jun 07 22:26:09 2018
elapsed time: 0 seconds (0d 0h 0m 0s)

